#
# There is insufficient memory for the Java Runtime Environment to continue.
# Cannot create GC thread. Out of system resources.
# Possible reasons:
#   The system is out of physical RAM or swap space
#   In 32 bit mode, the process size limit was hit
# Possible solutions:
#   Reduce memory load on the system
#   Increase physical memory or swap space
#   Check if swap backing store is full
#   Use 64 bit Java on a 64 bit OS
#   Decrease Java heap size (-Xmx/-Xms)
#   Decrease number of Java threads
#   Decrease Java thread stack sizes (-Xss)
#   Set larger code cache with -XX:ReservedCodeCacheSize=
# This output file may be truncated or incomplete.
#
#  Out of Memory Error (gcTaskThread.cpp:48), pid=26744, tid=0x00007f63192c1700
#
# JRE version:  (8.0_101-b13) (build )
# Java VM: Java HotSpot(TM) 64-Bit Server VM (25.101-b13 mixed mode linux-amd64 compressed oops)
# Failed to write core dump. Core dumps have been disabled. To enable core dumping, try "ulimit -c unlimited" before starting Java again
#

---------------  T H R E A D  ---------------

Current thread (0x00007f6310007800):  JavaThread "Unknown thread" [_thread_in_vm, id=26748, stack(0x00007f63191c1000,0x00007f63192c2000)]

Stack: [0x00007f63191c1000,0x00007f63192c2000],  sp=0x00007f63192c05f0,  free space=1021k
Native frames: (J=compiled Java code, j=interpreted, Vv=VM code, C=native code)
V  [libjvm.so+0xac3f0a]  VMError::report_and_die()+0x2ba
V  [libjvm.so+0x4fbf9b]  report_vm_out_of_memory(char const*, int, unsigned long, VMErrorType, char const*)+0x8b
V  [libjvm.so+0x5d674f]  GCTaskThread::GCTaskThread(GCTaskManager*, unsigned int, unsigned int)+0x15f
V  [libjvm.so+0x5d550b]  GCTaskManager::initialize()+0x3ab
V  [libjvm.so+0x9457fd]  ParallelScavengeHeap::initialize()+0x34d
V  [libjvm.so+0xa8c753]  Universe::initialize_heap()+0xf3
V  [libjvm.so+0xa8c99e]  universe_init()+0x3e
V  [libjvm.so+0x63bdf5]  init_globals()+0x65
V  [libjvm.so+0xa70bfe]  Threads::create_vm(JavaVMInitArgs*, bool*)+0x23e
V  [libjvm.so+0x6d08f4]  JNI_CreateJavaVM+0x74
C  [libjli.so+0x745e]  JavaMain+0x9e
C  [libpthread.so.0+0x76aa]  start_thread+0xca


---------------  P R O C E S S  ---------------

Java Threads: ( => current thread )

Other Threads:

=>0x00007f6310007800 (exited) JavaThread "Unknown thread" [_thread_in_vm, id=26748, stack(0x00007f63191c1000,0x00007f63192c2000)]

VM state:not at safepoint (not fully initialized)

VM Mutex/Monitor currently owned by a thread: None

GC Heap History (0 events):
No events

Deoptimization events (0 events):
No events

Internal exceptions (0 events):
No events

Events (0 events):
No events


Dynamic libraries:
00400000-00401000 r-xp 00000000 08:04 2494834                            /usr/lib/jvm/java-8-oracle/jre/bin/java
00600000-00601000 rw-p 00000000 08:04 2494834                            /usr/lib/jvm/java-8-oracle/jre/bin/java
01a95000-01ab6000 rw-p 00000000 00:00 0                                  [heap]
88c00000-8dc00000 rw-p 00000000 00:00 0 
8dc00000-d8400000 ---p 00000000 00:00 0 
d8400000-dac00000 rw-p 00000000 00:00 0 
dac00000-100000000 ---p 00000000 00:00 0 
7f6301000000-7f6301270000 rwxp 00000000 00:00 0 
7f6301270000-7f6310000000 ---p 00000000 00:00 0 
7f6310000000-7f6310034000 rw-p 00000000 00:00 0 
7f6310034000-7f6314000000 ---p 00000000 00:00 0 
7f6315e0c000-7f6316093000 rw-p 00000000 00:00 0 
7f6316093000-7f6316094000 ---p 00000000 00:00 0 
7f6316094000-7f63161bc000 rw-p 00000000 00:00 0 
7f63161bc000-7f6316410000 ---p 00000000 00:00 0 
7f6316410000-7f6316438000 rw-p 00000000 00:00 0 
7f6316438000-7f631668c000 ---p 00000000 00:00 0 
7f631668c000-7f63166a0000 rw-p 00000000 00:00 0 
7f63166a0000-7f63167ca000 ---p 00000000 00:00 0 
7f63167ca000-7f63167d5000 rw-p 00000000 00:00 0 
7f63167d5000-7f6316b8b000 ---p 00000000 00:00 0 
7f6316b8b000-7f6316ba5000 r-xp 00000000 08:04 2495020                    /usr/lib/jvm/java-8-oracle/jre/lib/amd64/libzip.so
7f6316ba5000-7f6316da5000 ---p 0001a000 08:04 2495020                    /usr/lib/jvm/java-8-oracle/jre/lib/amd64/libzip.so
7f6316da5000-7f6316da6000 rw-p 0001a000 08:04 2495020                    /usr/lib/jvm/java-8-oracle/jre/lib/amd64/libzip.so
7f6316da6000-7f6316dd0000 r-xp 00000000 08:04 2495046                    /usr/lib/jvm/java-8-oracle/jre/lib/amd64/libjava.so
7f6316dd0000-7f6316fd0000 ---p 0002a000 08:04 2495046                    /usr/lib/jvm/java-8-oracle/jre/lib/amd64/libjava.so
7f6316fd0000-7f6316fd2000 rw-p 0002a000 08:04 2495046                    /usr/lib/jvm/java-8-oracle/jre/lib/amd64/libjava.so
7f6316fd2000-7f6316fdf000 r-xp 00000000 08:04 2495000                    /usr/lib/jvm/java-8-oracle/jre/lib/amd64/libverify.so
7f6316fdf000-7f63171df000 ---p 0000d000 08:04 2495000                    /usr/lib/jvm/java-8-oracle/jre/lib/amd64/libverify.so
7f63171df000-7f63171e1000 rw-p 0000d000 08:04 2495000                    /usr/lib/jvm/java-8-oracle/jre/lib/amd64/libverify.so
7f63171e1000-7f63171e8000 r-xp 00000000 08:04 1443538                    /lib/x86_64-linux-gnu/librt-2.21.so
7f63171e8000-7f63173e7000 ---p 00007000 08:04 1443538                    /lib/x86_64-linux-gnu/librt-2.21.so
7f63173e7000-7f63173e8000 r--p 00006000 08:04 1443538                    /lib/x86_64-linux-gnu/librt-2.21.so
7f63173e8000-7f63173e9000 rw-p 00007000 08:04 1443538                    /lib/x86_64-linux-gnu/librt-2.21.so
7f63173e9000-7f63174f0000 r-xp 00000000 08:04 1443543                    /lib/x86_64-linux-gnu/libm-2.21.so
7f63174f0000-7f63176ef000 ---p 00107000 08:04 1443543                    /lib/x86_64-linux-gnu/libm-2.21.so
7f63176ef000-7f63176f0000 r--p 00106000 08:04 1443543                    /lib/x86_64-linux-gnu/libm-2.21.so
7f63176f0000-7f63176f1000 rw-p 00107000 08:04 1443543                    /lib/x86_64-linux-gnu/libm-2.21.so
7f63176f1000-7f63183bc000 r-xp 00000000 08:04 2495050                    /usr/lib/jvm/java-8-oracle/jre/lib/amd64/server/libjvm.so
7f63183bc000-7f63185bb000 ---p 00ccb000 08:04 2495050                    /usr/lib/jvm/java-8-oracle/jre/lib/amd64/server/libjvm.so
7f63185bb000-7f6318694000 rw-p 00cca000 08:04 2495050                    /usr/lib/jvm/java-8-oracle/jre/lib/amd64/server/libjvm.so
7f6318694000-7f63186df000 rw-p 00000000 00:00 0 
7f63186df000-7f631889f000 r-xp 00000000 08:04 1443607                    /lib/x86_64-linux-gnu/libc-2.21.so
7f631889f000-7f6318a9f000 ---p 001c0000 08:04 1443607                    /lib/x86_64-linux-gnu/libc-2.21.so
7f6318a9f000-7f6318aa3000 r--p 001c0000 08:04 1443607                    /lib/x86_64-linux-gnu/libc-2.21.so
7f6318aa3000-7f6318aa5000 rw-p 001c4000 08:04 1443607                    /lib/x86_64-linux-gnu/libc-2.21.so
7f6318aa5000-7f6318aa9000 rw-p 00000000 00:00 0 
7f6318aa9000-7f6318aac000 r-xp 00000000 08:04 1443561                    /lib/x86_64-linux-gnu/libdl-2.21.so
7f6318aac000-7f6318cab000 ---p 00003000 08:04 1443561                    /lib/x86_64-linux-gnu/libdl-2.21.so
7f6318cab000-7f6318cac000 r--p 00002000 08:04 1443561                    /lib/x86_64-linux-gnu/libdl-2.21.so
7f6318cac000-7f6318cad000 rw-p 00003000 08:04 1443561                    /lib/x86_64-linux-gnu/libdl-2.21.so
7f6318cad000-7f6318cc2000 r-xp 00000000 08:04 2495036                    /usr/lib/jvm/java-8-oracle/jre/lib/amd64/jli/libjli.so
7f6318cc2000-7f6318ec2000 ---p 00015000 08:04 2495036                    /usr/lib/jvm/java-8-oracle/jre/lib/amd64/jli/libjli.so
7f6318ec2000-7f6318ec3000 rw-p 00015000 08:04 2495036                    /usr/lib/jvm/java-8-oracle/jre/lib/amd64/jli/libjli.so
7f6318ec3000-7f6318edb000 r-xp 00000000 08:04 1443544                    /lib/x86_64-linux-gnu/libpthread-2.21.so
7f6318edb000-7f63190db000 ---p 00018000 08:04 1443544                    /lib/x86_64-linux-gnu/libpthread-2.21.so
7f63190db000-7f63190dc000 r--p 00018000 08:04 1443544                    /lib/x86_64-linux-gnu/libpthread-2.21.so
7f63190dc000-7f63190dd000 rw-p 00019000 08:04 1443544                    /lib/x86_64-linux-gnu/libpthread-2.21.so
7f63190dd000-7f63190e1000 rw-p 00000000 00:00 0 
7f63190e1000-7f6319105000 r-xp 00000000 08:04 1443605                    /lib/x86_64-linux-gnu/ld-2.21.so
7f6319155000-7f63191c1000 r--s 00000000 08:04 1439984                    /var/cache/nscd/passwd
7f63191c1000-7f63191c4000 ---p 00000000 00:00 0 
7f63191c4000-7f63192c6000 rw-p 00000000 00:00 0 
7f63192f5000-7f63192f8000 rw-p 00000000 00:00 0 
7f63192f8000-7f6319300000 rw-s 00000000 08:04 2123841                    /tmp/hsperfdata_wlsgra012/26744
7f6319300000-7f6319301000 rw-p 00000000 00:00 0 
7f6319301000-7f6319302000 r--p 00000000 00:00 0 
7f6319302000-7f6319304000 rw-p 00000000 00:00 0 
7f6319304000-7f6319305000 r--p 00023000 08:04 1443605                    /lib/x86_64-linux-gnu/ld-2.21.so
7f6319305000-7f6319306000 rw-p 00024000 08:04 1443605                    /lib/x86_64-linux-gnu/ld-2.21.so
7f6319306000-7f6319307000 rw-p 00000000 00:00 0 
7ffd82eb2000-7ffd82ed3000 rw-p 00000000 00:00 0                          [stack]
7ffd82f33000-7ffd82f35000 r--p 00000000 00:00 0                          [vvar]
7ffd82f35000-7ffd82f37000 r-xp 00000000 00:00 0                          [vdso]
ffffffffff600000-ffffffffff601000 r-xp 00000000 00:00 0                  [vsyscall]

VM Arguments:
java_command: org.junit.runner.JUnitCore TestSuite
java_class_path (initial): bin:../lib/junit/junit-4.12.jar:../lib/junit/hamcrest-core-1.3.jar
Launcher Type: SUN_STANDARD

Environment Variables:
CLASSPATH=:/usr/src/tinyos/support/sdk/java/tinyos.jar
PATH=/usr/local/sbin:/usr/local/bin:/usr/sbin:/usr/bin:/sbin:/bin:/usr/games:/usr/local/games:/usr/local/cuda/bin
LD_LIBRARY_PATH=:/opt/AMDAPP/lib/x86_64:/opt/AMDAPP/lib/x86
SHELL=/bin/bash
DISPLAY=:0

Signal Handlers:
SIGSEGV: [libjvm.so+0xac4790], sa_mask[0]=11111111011111111101111111111110, sa_flags=SA_RESTART|SA_SIGINFO
SIGBUS: [libjvm.so+0xac4790], sa_mask[0]=11111111011111111101111111111110, sa_flags=SA_RESTART|SA_SIGINFO
SIGFPE: [libjvm.so+0x91f140], sa_mask[0]=11111111011111111101111111111110, sa_flags=SA_RESTART|SA_SIGINFO
SIGPIPE: [libjvm.so+0x91f140], sa_mask[0]=11111111011111111101111111111110, sa_flags=SA_RESTART|SA_SIGINFO
SIGXFSZ: [libjvm.so+0x91f140], sa_mask[0]=11111111011111111101111111111110, sa_flags=SA_RESTART|SA_SIGINFO
SIGILL: [libjvm.so+0x91f140], sa_mask[0]=11111111011111111101111111111110, sa_flags=SA_RESTART|SA_SIGINFO
SIGUSR1: SIG_DFL, sa_mask[0]=00000000000000000000000000000000, sa_flags=none
SIGUSR2: [libjvm.so+0x920770], sa_mask[0]=00000000000000000000000000000000, sa_flags=SA_RESTART|SA_SIGINFO
SIGHUP: SIG_DFL, sa_mask[0]=00000000000000000000000000000000, sa_flags=none
SIGINT: SIG_DFL, sa_mask[0]=00000000000000000000000000000000, sa_flags=none
SIGTERM: SIG_DFL, sa_mask[0]=00000000000000000000000000000000, sa_flags=none
SIGQUIT: SIG_DFL, sa_mask[0]=00000000000000000000000000000000, sa_flags=none


---------------  S Y S T E M  ---------------

OS:DISTRIB_ID=Ubuntu
DISTRIB_RELEASE=15.10
DISTRIB_CODENAME=wily
DISTRIB_DESCRIPTION="Ubuntu 15.10"

uname:Linux 4.2.0-42-generic #49-Ubuntu SMP Tue Jun 28 21:26:26 UTC 2016 x86_64
libc:glibc 2.21 NPTL 2.21 
rlimit: STACK 8192k, CORE 0k, NPROC 30364, NOFILE 65536, AS infinity
load average:1.92 1.73 1.68

/proc/meminfo:
MemTotal:        7809492 kB
MemFree:         1286624 kB
MemAvailable:    2972136 kB
Buffers:          179140 kB
Cached:          2027512 kB
SwapCached:            0 kB
Active:          4412096 kB
Inactive:        1243704 kB
Active(anon):    3452380 kB
Inactive(anon):   379940 kB
Active(file):     959716 kB
Inactive(file):   863764 kB
Unevictable:          48 kB
Mlocked:              48 kB
SwapTotal:       4095996 kB
SwapFree:        4095996 kB
Dirty:               256 kB
Writeback:             0 kB
AnonPages:       3449192 kB
Mapped:           499380 kB
Shmem:            383176 kB
Slab:             229292 kB
SReclaimable:      61936 kB
SUnreclaim:       167356 kB
KernelStack:      488128 kB
PageTables:       106620 kB
NFS_Unstable:          4 kB
Bounce:                0 kB
WritebackTmp:          0 kB
CommitLimit:     8000740 kB
Committed_AS:   38279952 kB
VmallocTotal:   34359738367 kB
VmallocUsed:      357700 kB
VmallocChunk:   34358947836 kB
HardwareCorrupted:     0 kB
AnonHugePages:   1894400 kB
CmaTotal:              0 kB
CmaFree:               0 kB
HugePages_Total:       0
HugePages_Free:        0
HugePages_Rsvd:        0
HugePages_Surp:        0
Hugepagesize:       2048 kB
DirectMap4k:      190944 kB
DirectMap2M:     6778880 kB
DirectMap1G:     2097152 kB


CPU:total 4 (4 cores per cpu, 1 threads per core) family 6 model 60 stepping 3, cmov, cx8, fxsr, mmx, sse, sse2, sse3, ssse3, sse4.1, sse4.2, popcnt, avx, avx2, aes, clmul, erms, rtm, lzcnt, tsc, tscinvbit, bmi1, bmi2

/proc/cpuinfo:
processor	: 0
vendor_id	: GenuineIntel
cpu family	: 6
model		: 60
model name	: Intel(R) Core(TM) i5-4590 CPU @ 3.30GHz
stepping	: 3
microcode	: 0x9
cpu MHz		: 3398.355
cache size	: 6144 KB
physical id	: 0
siblings	: 4
core id		: 0
cpu cores	: 4
apicid		: 0
initial apicid	: 0
fpu		: yes
fpu_exception	: yes
cpuid level	: 13
wp		: yes
flags		: fpu vme de pse tsc msr pae mce cx8 apic sep mtrr pge mca cmov pat pse36 clflush dts acpi mmx fxsr sse sse2 ss ht tm pbe syscall nx pdpe1gb rdtscp lm constant_tsc arch_perfmon pebs bts rep_good nopl xtopology nonstop_tsc aperfmperf eagerfpu pni pclmulqdq dtes64 monitor ds_cpl vmx smx est tm2 ssse3 fma cx16 xtpr pdcm pcid sse4_1 sse4_2 x2apic movbe popcnt tsc_deadline_timer aes xsave avx f16c rdrand lahf_lm abm ida arat epb pln pts dtherm tpr_shadow vnmi flexpriority ept vpid fsgsbase tsc_adjust bmi1 hle avx2 smep bmi2 erms invpcid rtm xsaveopt
bugs		:
bogomips	: 6585.22
clflush size	: 64
cache_alignment	: 64
address sizes	: 39 bits physical, 48 bits virtual
power management:

processor	: 1
vendor_id	: GenuineIntel
cpu family	: 6
model		: 60
model name	: Intel(R) Core(TM) i5-4590 CPU @ 3.30GHz
stepping	: 3
microcode	: 0x9
cpu MHz		: 3453.398
cache size	: 6144 KB
physical id	: 0
siblings	: 4
core id		: 1
cpu cores	: 4
apicid		: 2
initial apicid	: 2
fpu		: yes
fpu_exception	: yes
cpuid level	: 13
wp		: yes
flags		: fpu vme de pse tsc msr pae mce cx8 apic sep mtrr pge mca cmov pat pse36 clflush dts acpi mmx fxsr sse sse2 ss ht tm pbe syscall nx pdpe1gb rdtscp lm constant_tsc arch_perfmon pebs bts rep_good nopl xtopology nonstop_tsc aperfmperf eagerfpu pni pclmulqdq dtes64 monitor ds_cpl vmx smx est tm2 ssse3 fma cx16 xtpr pdcm pcid sse4_1 sse4_2 x2apic movbe popcnt tsc_deadline_timer aes xsave avx f16c rdrand lahf_lm abm ida arat epb pln pts dtherm tpr_shadow vnmi flexpriority ept vpid fsgsbase tsc_adjust bmi1 hle avx2 smep bmi2 erms invpcid rtm xsaveopt
bugs		:
bogomips	: 6585.22
clflush size	: 64
cache_alignment	: 64
address sizes	: 39 bits physical, 48 bits virtual
power management:

processor	: 2
vendor_id	: GenuineIntel
cpu family	: 6
model		: 60
model name	: Intel(R) Core(TM) i5-4590 CPU @ 3.30GHz
stepping	: 3
microcode	: 0x9
cpu MHz		: 3432.000
cache size	: 6144 KB
physical id	: 0
siblings	: 4
core id		: 2
cpu cores	: 4
apicid		: 4
initial apicid	: 4
fpu		: yes
fpu_exception	: yes
cpuid level	: 13
wp		: yes
flags		: fpu vme de pse tsc msr pae mce cx8 apic sep mtrr pge mca cmov pat pse36 clflush dts acpi mmx fxsr sse sse2 ss ht tm pbe syscall nx pdpe1gb rdtscp lm constant_tsc arch_perfmon pebs bts rep_good nopl xtopology nonstop_tsc aperfmperf eagerfpu pni pclmulqdq dtes64 monitor ds_cpl vmx smx est tm2 ssse3 fma cx16 xtpr pdcm pcid sse4_1 sse4_2 x2apic movbe popcnt tsc_deadline_timer aes xsave avx f16c rdrand lahf_lm abm ida arat epb pln pts dtherm tpr_shadow vnmi flexpriority ept vpid fsgsbase tsc_adjust bmi1 hle avx2 smep bmi2 erms invpcid rtm xsaveopt
bugs		:
bogomips	: 6585.22
clflush size	: 64
cache_alignment	: 64
address sizes	: 39 bits physical, 48 bits virtual
power management:

processor	: 3
vendor_id	: GenuineIntel
cpu family	: 6
model		: 60
model name	: Intel(R) Core(TM) i5-4590 CPU @ 3.30GHz
stepping	: 3
microcode	: 0x9
cpu MHz		: 3388.687
cache size	: 6144 KB
physical id	: 0
siblings	: 4
core id		: 3
cpu cores	: 4
apicid		: 6
initial apicid	: 6
fpu		: yes
fpu_exception	: yes
cpuid level	: 13
wp		: yes
flags		: fpu vme de pse tsc msr pae mce cx8 apic sep mtrr pge mca cmov pat pse36 clflush dts acpi mmx fxsr sse sse2 ss ht tm pbe syscall nx pdpe1gb rdtscp lm constant_tsc arch_perfmon pebs bts rep_good nopl xtopology nonstop_tsc aperfmperf eagerfpu pni pclmulqdq dtes64 monitor ds_cpl vmx smx est tm2 ssse3 fma cx16 xtpr pdcm pcid sse4_1 sse4_2 x2apic movbe popcnt tsc_deadline_timer aes xsave avx f16c rdrand lahf_lm abm ida arat epb pln pts dtherm tpr_shadow vnmi flexpriority ept vpid fsgsbase tsc_adjust bmi1 hle avx2 smep bmi2 erms invpcid rtm xsaveopt
bugs		:
bogomips	: 6585.22
clflush size	: 64
cache_alignment	: 64
address sizes	: 39 bits physical, 48 bits virtual
power management:



Memory: 4k page, physical 7809492k(1286624k free), swap 4095996k(4095996k free)

vm_info: Java HotSpot(TM) 64-Bit Server VM (25.101-b13) for linux-amd64 JRE (1.8.0_101-b13), built on Jun 22 2016 02:59:44 by "java_re" with gcc 4.3.0 20080428 (Red Hat 4.3.0-8)

time: Sat Jul 30 19:23:17 2016
elapsed time: 0 seconds (0d 0h 0m 0s)

